c:\users\allam\source\repos\f-update-sqlserver\f-update-sqlserver\release\vc141.pdb
c:\users\allam\source\repos\f-update-sqlserver\f-update-sqlserver\release\mainform.obj
c:\users\allam\source\repos\f-update-sqlserver\f-update-sqlserver\release\frm_docs.obj
c:\users\allam\source\repos\f-update-sqlserver\f-update-sqlserver\release\frm_coneserver.obj
c:\users\allam\source\repos\f-update-sqlserver\f-update-sqlserver\release\.netframework,version=v4.6.1.assemblyattributes.obj
c:\users\allam\source\repos\f-update-sqlserver\f-update-sqlserver\release\.netframework,version=v4.6.1.assemblyattributes.asm
c:\users\allam\source\repos\f-update-sqlserver\f-update-sqlserver\release\fupdatesqlserver.frm_coneserver.resources
c:\users\allam\source\repos\f-update-sqlserver\f-update-sqlserver\release\fupdatesqlserver.frm_docs.resources
c:\users\allam\source\repos\f-update-sqlserver\f-update-sqlserver\release\fupdatesqlserver.mainform.resources
c:\users\allam\source\repos\f-update-sqlserver\release\f-update-sqlserver.exe
c:\users\allam\source\repos\f-update-sqlserver\release\f-update-sqlserver.pdb
c:\users\allam\source\repos\f-update-sqlserver\f-update-sqlserver\release\f-update-sqlserver.res
c:\users\allam\source\repos\f-update-sqlserver\f-update-sqlserver\release\f-update-sqlserver.vcxproj.generateresource.cache
c:\users\allam\source\repos\f-update-sqlserver\f-update-sqlserver\release\f-update-sqlserver.vcxprojassemblyreference.cache
c:\users\allam\source\repos\f-update-sqlserver\f-update-sqlserver\release\f-update.065e980e.tlog\cl.command.1.tlog
c:\users\allam\source\repos\f-update-sqlserver\f-update-sqlserver\release\f-update.065e980e.tlog\cl.read.1.tlog
c:\users\allam\source\repos\f-update-sqlserver\f-update-sqlserver\release\f-update.065e980e.tlog\cl.write.1.tlog
c:\users\allam\source\repos\f-update-sqlserver\f-update-sqlserver\release\f-update.065e980e.tlog\f-update-sqlserver.write.1u.tlog
c:\users\allam\source\repos\f-update-sqlserver\f-update-sqlserver\release\f-update.065e980e.tlog\link.command.1.tlog
c:\users\allam\source\repos\f-update-sqlserver\f-update-sqlserver\release\f-update.065e980e.tlog\link.read.1.tlog
c:\users\allam\source\repos\f-update-sqlserver\f-update-sqlserver\release\f-update.065e980e.tlog\link.write.1.tlog
c:\users\allam\source\repos\f-update-sqlserver\f-update-sqlserver\release\f-update.065e980e.tlog\metagen.read.1.tlog
c:\users\allam\source\repos\f-update-sqlserver\f-update-sqlserver\release\f-update.065e980e.tlog\metagen.write.1.tlog
c:\users\allam\source\repos\f-update-sqlserver\f-update-sqlserver\release\f-update.065e980e.tlog\rc.command.1.tlog
c:\users\allam\source\repos\f-update-sqlserver\f-update-sqlserver\release\f-update.065e980e.tlog\rc.read.1.tlog
c:\users\allam\source\repos\f-update-sqlserver\f-update-sqlserver\release\f-update.065e980e.tlog\rc.write.1.tlog
